Arguments: 
  /Users/admin/.nvm/versions/node/v16.9.0/bin/node /usr/local/Cellar/yarn/1.19.1/libexec/bin/yarn.js

PATH: 
  /Users/admin/torch/install/bin:/Users/admin/.nvm/versions/node/v16.9.0/bin:/Applications/CMake.app/Contents/bin:/.node-gyp/10.16.3/inclide/node/:/Users/admin/Library/Python/2.7/bin/:/Users/admin/.cargo/bin/:/Users/admin/.rustup/bin/:/usr/local/Caskroom/:/usr/local/Cellar/:/usr/local/Homebrew/:/Users/admin/.ssh/id_rsa:/Users/admin/w3m/:/Users/admin/SDK/flutter/bin:/Applications/Postgres.app/Contents/Versions/latest/bin:/Users/admin/bin:/usr/local/bin:/Users/admin/.cargo/bin:/usr/local/bin:/usr/bin:/bin:/usr/sbin:/sbin:/Applications/Postgres.app/Contents/Versions/latest/bin:/Users/admin/torch/install/bin:/Applications/CMake.app/Contents/bin:/.node-gyp/10.16.3/inclide/node/:/Users/admin/Library/Python/2.7/bin/:/Users/admin/.cargo/bin/:/Users/admin/.rustup/bin/:/usr/local/Caskroom/:/usr/local/Cellar/:/usr/local/Homebrew/:/Users/admin/.ssh/id_rsa:/Users/admin/w3m/:/Users/admin/SDK/flutter/bin:/Users/admin/bin:/Users/admin/.cargo/bin:/Users/admin/Library/Android/sdk/emulator:/Users/admin/Library/Android/sdk/tools:/Users/admin/Library/Android/sdk/tools/bin:/Users/admin/Library/Android/sdk/platform-tools:/Users/admin/Library/Android/sdk/emulator:/Users/admin/Library/Android/sdk/tools:/Users/admin/Library/Android/sdk/tools/bin:/Users/admin/Library/Android/sdk/platform-tools

Yarn version: 
  1.19.1

Node version: 
  16.9.0

Platform: 
  darwin x64

Trace: 
  Error: https://registry.yarnpkg.com/@pooltogether%2fdraw-calculator-js-sdk: Not found
      at Request.params.callback [as _callback] (/usr/local/Cellar/yarn/1.19.1/libexec/lib/cli.js:66926:18)
      at Request.self.callback (/usr/local/Cellar/yarn/1.19.1/libexec/lib/cli.js:140564:22)
      at Request.emit (node:events:394:28)
      at Request.<anonymous> (/usr/local/Cellar/yarn/1.19.1/libexec/lib/cli.js:141536:10)
      at Request.emit (node:events:394:28)
      at IncomingMessage.<anonymous> (/usr/local/Cellar/yarn/1.19.1/libexec/lib/cli.js:141458:12)
      at Object.onceWrapper (node:events:513:28)
      at IncomingMessage.emit (node:events:406:35)
      at endReadableNT (node:internal/streams/readable:1343:12)
      at processTicksAndRejections (node:internal/process/task_queues:83:21)

npm manifest: 
  {
    "name": "v4-testnet",
    "version": "1.0.0",
    "main": "index.js",
    "repository": "git@github.com:pooltogether/v4-rinkeby.git",
    "author": "Brendan Asselstine <mail.asselstine@gmail.com>",
    "license": "MIT",
    "scripts": {
      "addPrizes": "hardhat run ./scripts/addPrizes.js --network ",
      "clean": "rm -rf cache/ artifacts/",
      "compile": "hardhat compile",
      "deploy-mumbai": "DEPLOY=mumbai hardhat deploy --network mumbai",
      "deploy-rinkeby": "DEPLOY=rinkeby hardhat deploy --network rinkeby",
      "disburse": "hardhat run ./scripts/disburse.js --network ",
      "deposit": "hardhat run ./scripts/deposit.js --network ",
      "generate": "node ./scripts/generateContractList.js",
      "node-mumbai": "DEPLOY=mumbai hardhat node",
      "node-rinkeby": "DEPLOY=rinkeby hardhat node",
      "prepare-deploy": "yarn clean && yarn compile",
      "reinstall": "rm -rf node_modules/ && yarn cache clean && yarn"
    },
    "dependencies": {
      "@pooltogether/v4-core": "github://pooltogether/v4-core",
      "@pooltogether/v4-oracle-timelocks": "github://pooltogether/v4-timelocks",
      "@pooltogether/yield-source-interface": "^1.1.0",
      "@pooltogether/owner-manager-contracts": "1.1.0"
    },
    "devDependencies": {
      "@pooltogether/draw-calculator-js-sdk": "^1.0.0-beta.12",
      "ajv": "^6.12.2",
      "chalk": "^4.1.2",
      "debug": "^4.3.2",
      "ethers": "^5.4.6",
      "hardhat": "^2.6.3",
      "hardhat-dependency-compiler": "^1.1.1",
      "hardhat-deploy": "^0.9.1",
      "hardhat-deploy-ethers": "^0.3.0-beta.10",
      "hardhat-ethers": "^1.0.1"
    }
  }

yarn manifest: 
  No manifest

Lockfile: 
  No lockfile
