[35m@pooltogether/v4-testnet:node:rinkeby: [0mcache hit, replaying output [2m63a9269e29180838[0m
[35m@pooltogether/v4-testnet:node:rinkeby: [0m$ DEPLOY=v1.1.0.rinkeby hardhat node --network hardhat
[35m@pooltogether/v4-testnet:node:rinkeby: [0mNo infura or hdwallet available for testnets
[35m@pooltogether/v4-testnet:node:rinkeby: [0mNothing to compile
[35m@pooltogether/v4-testnet:node:rinkeby: [0m
[35m@pooltogether/v4-testnet:node:rinkeby: [0mDeploying RNGServiceStub...
[35m@pooltogether/v4-testnet:node:rinkeby: [0mRNGServiceStub deployed at 0x5FbDB2315678afecb367f032d93F642f64180aa3
[35m@pooltogether/v4-testnet:node:rinkeby: [0m
[35m@pooltogether/v4-testnet:node:rinkeby: [0mDeploying MockYieldSource...
[35m@pooltogether/v4-testnet:node:rinkeby: [0mMockYieldSource deployed at 0xe7f1725E7734CE288F8367e1Bb143E90bb3F0512
[35m@pooltogether/v4-testnet:node:rinkeby: [0m
[35m@pooltogether/v4-testnet:node:rinkeby: [0mDeploying YieldSourcePrizePool...
[35m@pooltogether/v4-testnet:node:rinkeby: [0mYieldSourcePrizePool deployed at 0x9fE46736679d2D9a65F0992F2272dE9f3c7fa6e0
[35m@pooltogether/v4-testnet:node:rinkeby: [0m
[35m@pooltogether/v4-testnet:node:rinkeby: [0mDeploying Ticket...
[35m@pooltogether/v4-testnet:node:rinkeby: [0mTicket deployed at 0xCf7Ed3AccA5a467e9e704C703E8D87F634fB0Fc9
[35m@pooltogether/v4-testnet:node:rinkeby: [0m
[35m@pooltogether/v4-testnet:node:rinkeby: [0mDeploying PrizeTierHistoryV2...
[35m@pooltogether/v4-testnet:node:rinkeby: [0mPrizeTierHistoryV2 deployed at 0xDc64a140Aa3E981100a9becA4E685f962f0cF6C9
[35m@pooltogether/v4-testnet:node:rinkeby: [0m
[35m@pooltogether/v4-testnet:node:rinkeby: [0mDeploying DrawBuffer...
[35m@pooltogether/v4-testnet:node:rinkeby: [0mDrawBuffer deployed at 0x5FC8d32690cc91D4c39d9d3abcBD16989F875707
[35m@pooltogether/v4-testnet:node:rinkeby: [0m
[35m@pooltogether/v4-testnet:node:rinkeby: [0mDeploying PrizeDistributionBuffer...
[35m@pooltogether/v4-testnet:node:rinkeby: [0mPrizeDistributionBuffer deployed at 0x0165878A594ca255338adfa4d48449f69242Eb8F
[35m@pooltogether/v4-testnet:node:rinkeby: [0m
[35m@pooltogether/v4-testnet:node:rinkeby: [0mDeploying DrawCalculator...
[35m@pooltogether/v4-testnet:node:rinkeby: [0mDrawCalculator deployed at 0xa513E6E4b8f2a923D98304ec87F64353C4D5C853
[35m@pooltogether/v4-testnet:node:rinkeby: [0m
[35m@pooltogether/v4-testnet:node:rinkeby: [0mDeploying PrizeDistributor...
[35m@pooltogether/v4-testnet:node:rinkeby: [0mPrizeDistributor deployed at 0x2279B7A0a67DB372996a5FaB50D91eAA73d2eBe6
[35m@pooltogether/v4-testnet:node:rinkeby: [0m
[35m@pooltogether/v4-testnet:node:rinkeby: [0mDeploying PrizeSplitStrategy...
[35m@pooltogether/v4-testnet:node:rinkeby: [0mPrizeSplitStrategy deployed at 0x8A791620dd6260079BF849Dc5567aDC3F2FdC318
[35m@pooltogether/v4-testnet:node:rinkeby: [0m
[35m@pooltogether/v4-testnet:node:rinkeby: [0mDeploying Reserve...
[35m@pooltogether/v4-testnet:node:rinkeby: [0mReserve deployed at 0x610178dA211FEF7D417bC0e6FeD39F05609AD788
[35m@pooltogether/v4-testnet:node:rinkeby: [0m
[35m@pooltogether/v4-testnet:node:rinkeby: [0mDeploying DrawCalculatorTimelock...
[35m@pooltogether/v4-testnet:node:rinkeby: [0mDrawCalculatorTimelock deployed at 0xB7f8BC63BbcaD18155201308C8f3540b07f84F5e
[35m@pooltogether/v4-testnet:node:rinkeby: [0m
[35m@pooltogether/v4-testnet:node:rinkeby: [0mDeploying EIP2612PermitAndDeposit...
[35m@pooltogether/v4-testnet:node:rinkeby: [0mEIP2612PermitAndDeposit deployed at 0xA51c1fc2f0D1a1b8494Ed1FE312d7C3a78Ed91C0
[35m@pooltogether/v4-testnet:node:rinkeby: [0m
[35m@pooltogether/v4-testnet:node:rinkeby: [0mDeploying DrawBeacon...
[35m@pooltogether/v4-testnet:node:rinkeby: [0mDrawBeacon deployed at 0x0DCd1Bf9A1b36cE34237eEaFef220932846BCD82
[35m@pooltogether/v4-testnet:node:rinkeby: [0m
[35m@pooltogether/v4-testnet:node:rinkeby: [0mDeploying PrizeDistributionFactory...
[35m@pooltogether/v4-testnet:node:rinkeby: [0mPrizeDistributionFactory deployed at 0x9A676e781A523b5d0C0e43731313A708CB607508
[35m@pooltogether/v4-testnet:node:rinkeby: [0m
[35m@pooltogether/v4-testnet:node:rinkeby: [0mDeploying PrizeFlush...
[35m@pooltogether/v4-testnet:node:rinkeby: [0mPrizeFlush deployed at 0x0B306BF915C4d645ff596e518fAf3F9669b97016
[35m@pooltogether/v4-testnet:node:rinkeby: [0m
[35m@pooltogether/v4-testnet:node:rinkeby: [0mDeploying BeaconTimelockTrigger...
[35m@pooltogether/v4-testnet:node:rinkeby: [0mBeaconTimelockTrigger deployed at 0x959922bE3CAee4b8Cd9a407cc3ac1C251C2007B1
[35m@pooltogether/v4-testnet:node:rinkeby: [0m
[35m@pooltogether/v4-testnet:node:rinkeby: [0mPushing Prize Tier configuration for Draw 1 onto the Prize Tier History...
[35m@pooltogether/v4-testnet:node:rinkeby: [0mDone!
[35m@pooltogether/v4-testnet:node:rinkeby: [0m
[35m@pooltogether/v4-testnet:node:rinkeby: [0mAdding 100% reserve prize split...
[35m@pooltogether/v4-testnet:node:rinkeby: [0mDone!
[35m@pooltogether/v4-testnet:node:rinkeby: [0m
[35m@pooltogether/v4-testnet:node:rinkeby: [0mSetting prize strategy on prize pool...
[35m@pooltogether/v4-testnet:node:rinkeby: [0mSet prize strategy!
[35m@pooltogether/v4-testnet:node:rinkeby: [0m
[35m@pooltogether/v4-testnet:node:rinkeby: [0mSetting prize strategy on prize pool...
[35m@pooltogether/v4-testnet:node:rinkeby: [0mSet prize strategy!
[35m@pooltogether/v4-testnet:node:rinkeby: [0m
[35m@pooltogether/v4-testnet:node:rinkeby: [0mSetting BeaconTimelockTrigger manager
[35m@pooltogether/v4-testnet:node:rinkeby: [0mManager set to 0xf39Fd6e51aad88F6F4ce6aB8827279cffFb92266
[35m@pooltogether/v4-testnet:node:rinkeby: [0m
[35m@pooltogether/v4-testnet:node:rinkeby: [0mSetting DrawBuffer manager
[35m@pooltogether/v4-testnet:node:rinkeby: [0mManager set to 0x0DCd1Bf9A1b36cE34237eEaFef220932846BCD82
[35m@pooltogether/v4-testnet:node:rinkeby: [0m
[35m@pooltogether/v4-testnet:node:rinkeby: [0mSetting PrizeFlush manager
[35m@pooltogether/v4-testnet:node:rinkeby: [0mManager set to 0xf39Fd6e51aad88F6F4ce6aB8827279cffFb92266
[35m@pooltogether/v4-testnet:node:rinkeby: [0m
[35m@pooltogether/v4-testnet:node:rinkeby: [0mSetting Reserve manager
[35m@pooltogether/v4-testnet:node:rinkeby: [0mManager set to 0x0B306BF915C4d645ff596e518fAf3F9669b97016
[35m@pooltogether/v4-testnet:node:rinkeby: [0m
[35m@pooltogether/v4-testnet:node:rinkeby: [0mSetting DrawCalculatorTimelock manager
[35m@pooltogether/v4-testnet:node:rinkeby: [0mManager set to 0x959922bE3CAee4b8Cd9a407cc3ac1C251C2007B1
[35m@pooltogether/v4-testnet:node:rinkeby: [0m
[35m@pooltogether/v4-testnet:node:rinkeby: [0mSetting PrizeDistributionFactory manager
[35m@pooltogether/v4-testnet:node:rinkeby: [0mManager set to 0x959922bE3CAee4b8Cd9a407cc3ac1C251C2007B1
[35m@pooltogether/v4-testnet:node:rinkeby: [0m
[35m@pooltogether/v4-testnet:node:rinkeby: [0mSetting PrizeDistributionBuffer manager
[35m@pooltogether/v4-testnet:node:rinkeby: [0mManager set to 0x9A676e781A523b5d0C0e43731313A708CB607508
[35m@pooltogether/v4-testnet:node:rinkeby: [0m
[35m@pooltogether/v4-testnet:node:rinkeby: [0mOwner for PrizeDistributionFactory has been set
[35m@pooltogether/v4-testnet:node:rinkeby: [0m
[35m@pooltogether/v4-testnet:node:rinkeby: [0mOwner for DrawCalculatorTimelock has been set
[35m@pooltogether/v4-testnet:node:rinkeby: [0m
[35m@pooltogether/v4-testnet:node:rinkeby: [0mOwner for PrizeFlush has been set
[35m@pooltogether/v4-testnet:node:rinkeby: [0m
[35m@pooltogether/v4-testnet:node:rinkeby: [0mOwner for Reserve has been set
[35m@pooltogether/v4-testnet:node:rinkeby: [0m
[35m@pooltogether/v4-testnet:node:rinkeby: [0mOwner for YieldSourcePrizePool has been set
[35m@pooltogether/v4-testnet:node:rinkeby: [0m
[35m@pooltogether/v4-testnet:node:rinkeby: [0mOwner for PrizeTierHistoryV2 has been set
[35m@pooltogether/v4-testnet:node:rinkeby: [0m
[35m@pooltogether/v4-testnet:node:rinkeby: [0mOwner for PrizeSplitStrategy has been set
[35m@pooltogether/v4-testnet:node:rinkeby: [0m
[35m@pooltogether/v4-testnet:node:rinkeby: [0mOwner for DrawBuffer has been set
[35m@pooltogether/v4-testnet:node:rinkeby: [0m
[35m@pooltogether/v4-testnet:node:rinkeby: [0mOwner for PrizeDistributionBuffer has been set
[35m@pooltogether/v4-testnet:node:rinkeby: [0m
[35m@pooltogether/v4-testnet:node:rinkeby: [0mOwner for BeaconTimelockTrigger has been set
[35m@pooltogether/v4-testnet:node:rinkeby: [0mStarted HTTP and WebSocket JSON-RPC server at http://127.0.0.1:8545/
[35m@pooltogether/v4-testnet:node:rinkeby: [0m
[35m@pooltogether/v4-testnet:node:rinkeby: [0mAccounts
[35m@pooltogether/v4-testnet:node:rinkeby: [0m========
[35m@pooltogether/v4-testnet:node:rinkeby: [0m
[35m@pooltogether/v4-testnet:node:rinkeby: [0mWARNING: These accounts, and their private keys, are publicly known.
[35m@pooltogether/v4-testnet:node:rinkeby: [0mAny funds sent to them on Mainnet or any other live network WILL BE LOST.
[35m@pooltogether/v4-testnet:node:rinkeby: [0m
[35m@pooltogether/v4-testnet:node:rinkeby: [0mAccount #0: 0xf39fd6e51aad88f6f4ce6ab8827279cfffb92266 (10000 ETH)
[35m@pooltogether/v4-testnet:node:rinkeby: [0mPrivate Key: 0xac0974bec39a17e36ba4a6b4d238ff944bacb478cbed5efcae784d7bf4f2ff80
[35m@pooltogether/v4-testnet:node:rinkeby: [0m
[35m@pooltogether/v4-testnet:node:rinkeby: [0mAccount #1: 0x70997970c51812dc3a010c7d01b50e0d17dc79c8 (10000 ETH)
[35m@pooltogether/v4-testnet:node:rinkeby: [0mPrivate Key: 0x59c6995e998f97a5a0044966f0945389dc9e86dae88c7a8412f4603b6b78690d
[35m@pooltogether/v4-testnet:node:rinkeby: [0m
[35m@pooltogether/v4-testnet:node:rinkeby: [0mAccount #2: 0x3c44cdddb6a900fa2b585dd299e03d12fa4293bc (10000 ETH)
[35m@pooltogether/v4-testnet:node:rinkeby: [0mPrivate Key: 0x5de4111afa1a4b94908f83103eb1f1706367c2e68ca870fc3fb9a804cdab365a
[35m@pooltogether/v4-testnet:node:rinkeby: [0m
[35m@pooltogether/v4-testnet:node:rinkeby: [0mAccount #3: 0x90f79bf6eb2c4f870365e785982e1f101e93b906 (10000 ETH)
[35m@pooltogether/v4-testnet:node:rinkeby: [0mPrivate Key: 0x7c852118294e51e653712a81e05800f419141751be58f605c371e15141b007a6
[35m@pooltogether/v4-testnet:node:rinkeby: [0m
[35m@pooltogether/v4-testnet:node:rinkeby: [0mAccount #4: 0x15d34aaf54267db7d7c367839aaf71a00a2c6a65 (10000 ETH)
[35m@pooltogether/v4-testnet:node:rinkeby: [0mPrivate Key: 0x47e179ec197488593b187f80a00eb0da91f1b9d0b13f8733639f19c30a34926a
[35m@pooltogether/v4-testnet:node:rinkeby: [0m
[35m@pooltogether/v4-testnet:node:rinkeby: [0mAccount #5: 0x9965507d1a55bcc2695c58ba16fb37d819b0a4dc (10000 ETH)
[35m@pooltogether/v4-testnet:node:rinkeby: [0mPrivate Key: 0x8b3a350cf5c34c9194ca85829a2df0ec3153be0318b5e2d3348e872092edffba
[35m@pooltogether/v4-testnet:node:rinkeby: [0m
[35m@pooltogether/v4-testnet:node:rinkeby: [0mAccount #6: 0x976ea74026e726554db657fa54763abd0c3a0aa9 (10000 ETH)
[35m@pooltogether/v4-testnet:node:rinkeby: [0mPrivate Key: 0x92db14e403b83dfe3df233f83dfa3a0d7096f21ca9b0d6d6b8d88b2b4ec1564e
[35m@pooltogether/v4-testnet:node:rinkeby: [0m
[35m@pooltogether/v4-testnet:node:rinkeby: [0mAccount #7: 0x14dc79964da2c08b23698b3d3cc7ca32193d9955 (10000 ETH)
[35m@pooltogether/v4-testnet:node:rinkeby: [0mPrivate Key: 0x4bbbf85ce3377467afe5d46f804f221813b2bb87f24d81f60f1fcdbf7cbf4356
[35m@pooltogether/v4-testnet:node:rinkeby: [0m
[35m@pooltogether/v4-testnet:node:rinkeby: [0mAccount #8: 0x23618e81e3f5cdf7f54c3d65f7fbc0abf5b21e8f (10000 ETH)
[35m@pooltogether/v4-testnet:node:rinkeby: [0mPrivate Key: 0xdbda1821b80551c9d65939329250298aa3472ba22feea921c0cf5d620ea67b97
[35m@pooltogether/v4-testnet:node:rinkeby: [0m
[35m@pooltogether/v4-testnet:node:rinkeby: [0mAccount #9: 0xa0ee7a142d267c1f36714e4a8f75612f20a79720 (10000 ETH)
[35m@pooltogether/v4-testnet:node:rinkeby: [0mPrivate Key: 0x2a871d0798f97d79848a013d4936a73bf4cc922c825d33c1cf7073dff6d409c6
[35m@pooltogether/v4-testnet:node:rinkeby: [0m
[35m@pooltogether/v4-testnet:node:rinkeby: [0mAccount #10: 0xbcd4042de499d14e55001ccbb24a551f3b954096 (10000 ETH)
[35m@pooltogether/v4-testnet:node:rinkeby: [0mPrivate Key: 0xf214f2b2cd398c806f84e317254e0f0b801d0643303237d97a22a48e01628897
[35m@pooltogether/v4-testnet:node:rinkeby: [0m
[35m@pooltogether/v4-testnet:node: